ip and port: 172.20.10.5 5001
[server_listen]accept  ('172.20.10.5', 60848)
[main.init]__name__ =  __main__
[node.client_init]connect done!
[node.client_init]connect done!

======init done======

[server_listen]accept  ('172.20.10.5', 60853)
[server_recv] exit <class 'str'>
[retriever] {'msg': {'tag': 'cmd', 'content': 'exit', 'appendix': 'test this is cmd'}, 'source': <socket.socket fd=1176, family=AddressFamily.AF_INET, type=SocketKind.SOCK_STREAM, proto=0, laddr=('172.20.10.5', 5001), raddr=('172.20.10.5', 60853)>}
[appendix.miner]miner is not in appendix
[main.retriever]miner is  None ,go_fuck is: None
[server_recv]ConnectionResetError
====block====debug:write_log port:5001
id:0
timestamp:0.0
nonce:0
prev_hash:0
information.data:this is genesis block
source:0.0.0.0:0
=============
hash:a2adb46910e95f3192a57c8c08b98c8dd177fa2e450ac7a17291754c6cee854d
=============
[blockchain.blockchain_stop]stop,len of blockqueue is  0
===end===
[main.end]blockchain.blockqueue =  []
[main.end]len of blockchain.blockqueue =  0
===end===
[server_recv] exit <class 'str'>
[server_listen]stop
